TN:
SF:src/app.js
FN:5,(anonymous_0)
FN:10,(anonymous_1)
FNF:2
FNH:2
FNDA:1,(anonymous_0)
FNDA:1,(anonymous_1)
DA:6,1
DA:8,1
DA:10,1
DA:12,1
LF:4
LH:4
BRF:0
BRH:0
end_of_record
TN:
SF:src/controller/playlistController.js
FN:2,(anonymous_0)
FN:6,(anonymous_1)
FNF:2
FNH:2
FNDA:13,(anonymous_0)
FNDA:3,(anonymous_1)
DA:3,13
DA:7,3
DA:9,3
DA:11,3
DA:13,3
LF:5
LH:5
BRF:0
BRH:0
end_of_record
TN:
SF:src/factory/controllerFactory.js
FN:8,(anonymous_0)
FN:14,(anonymous_1)
FNF:2
FNH:2
FNDA:6,(anonymous_0)
FNDA:6,(anonymous_1)
DA:9,6
DA:10,6
DA:11,6
DA:15,6
DA:16,6
DA:17,6
LF:6
LH:6
BRF:0
BRH:0
end_of_record
TN:
SF:src/interface/music.js
FN:2,(anonymous_0)
FNF:1
FNH:1
FNDA:166,(anonymous_0)
DA:3,166
DA:4,166
DA:5,166
DA:6,166
LF:4
LH:4
BRF:0
BRH:0
end_of_record
TN:
SF:src/interface/playlist.js
FN:4,(anonymous_0)
FN:8,(anonymous_1)
FN:15,(anonymous_2)
FN:20,(anonymous_3)
FNF:4
FNH:4
FNDA:4,(anonymous_0)
FNDA:4,(anonymous_1)
FNDA:154,(anonymous_2)
FNDA:154,(anonymous_3)
DA:5,4
DA:9,4
DA:14,4
DA:15,154
DA:21,154
LF:5
LH:5
BRF:0
BRH:0
end_of_record
TN:
SF:src/modules/spotify/dto/spotifyMusicDTO.js
FN:2,(anonymous_0)
FNF:1
FNH:1
FNDA:61,(anonymous_0)
DA:3,61
DA:4,61
DA:5,61
DA:6,61
LF:4
LH:4
BRF:0
BRH:0
end_of_record
TN:
SF:src/modules/spotify/entities/spotifyMusic.js
FN:4,(anonymous_0)
FN:8,(anonymous_1)
FN:12,(anonymous_2)
FNF:3
FNH:3
FNDA:59,(anonymous_0)
FNDA:59,(anonymous_1)
FNDA:117,(anonymous_2)
DA:5,59
DA:9,59
DA:13,117
LF:3
LH:3
BRF:0
BRH:0
end_of_record
TN:
SF:src/modules/spotify/repositories/spotifyRepository.js
FN:5,(anonymous_0)
FN:9,(anonymous_1)
FN:14,(anonymous_2)
FN:17,(anonymous_3)
FNF:4
FNH:4
FNDA:7,(anonymous_0)
FNDA:3,(anonymous_1)
FNDA:56,(anonymous_2)
FNDA:57,(anonymous_3)
DA:6,7
DA:10,3
DA:12,3
DA:14,56
DA:17,57
LF:5
LH:5
BRF:0
BRH:0
end_of_record
TN:
SF:src/modules/youtube/dto/youtubeMusicDTO.js
FN:2,(anonymous_0)
FNF:1
FNH:1
FNDA:109,(anonymous_0)
DA:3,109
DA:4,109
DA:5,109
DA:6,109
LF:4
LH:4
BRF:0
BRH:0
end_of_record
TN:
SF:src/modules/youtube/entities/youtubeMusic.js
FN:4,(anonymous_0)
FN:8,(anonymous_1)
FNF:2
FNH:2
FNDA:107,(anonymous_0)
FNDA:302,(anonymous_1)
DA:5,107
DA:9,302
LF:2
LH:2
BRDA:9,0,0,101
BRDA:9,0,1,201
BRF:2
BRH:2
end_of_record
TN:
SF:src/modules/youtube/repositories/youtubeRepository.js
FN:5,(anonymous_0)
FN:9,(anonymous_1)
FN:14,(anonymous_2)
FN:17,(anonymous_3)
FNF:4
FNH:4
FNDA:7,(anonymous_0)
FNDA:3,(anonymous_1)
FNDA:106,(anonymous_2)
FNDA:107,(anonymous_3)
DA:6,7
DA:10,3
DA:12,3
DA:14,106
DA:17,107
LF:5
LH:5
BRF:0
BRH:0
end_of_record
TN:
SF:src/routes/routes.js
FN:4,(anonymous_0)
FN:14,(anonymous_1)
FN:18,(anonymous_2)
FNF:3
FNH:3
FNDA:6,(anonymous_0)
FNDA:5,(anonymous_1)
FNDA:2,(anonymous_2)
DA:5,6
DA:6,6
DA:8,6
DA:9,6
DA:11,6
DA:15,5
DA:16,5
DA:17,5
DA:19,2
DA:20,2
DA:21,2
LF:11
LH:11
BRDA:9,0,0,6
BRDA:9,0,1,3
BRF:2
BRH:2
end_of_record
TN:
SF:src/useCase/playlistUseCase.js
FN:4,(anonymous_0)
FN:8,(anonymous_1)
FNF:2
FNH:2
FNDA:13,(anonymous_0)
FNDA:3,(anonymous_1)
DA:5,13
DA:9,3
DA:11,3
DA:13,3
LF:4
LH:4
BRF:0
BRH:0
end_of_record
